<?xml version="1.0" encoding="UTF-8"?>
<testsuite name="jobSearchTest"
           tests="7"
           failures="0"
           errors="0"
           skipped="0"
           time="149.629">
  <properties />
  
  
            <testcase name="verifyJobSearchResultUsingDifferentDataSet" time="41.313" classname="uk.co.library.testsuite.JobSearchTest" />
                <testcase name="verifyJobSearchResultUsingDifferentDataSet" time="12.970" classname="uk.co.library.testsuite.JobSearchTest" />
                <testcase name="verifyJobSearchResultUsingDifferentDataSet" time="41.021" classname="uk.co.library.testsuite.JobSearchTest" />
                <testcase name="verifyJobSearchResultUsingDifferentDataSet" time="9.670" classname="uk.co.library.testsuite.JobSearchTest" />
                <testcase name="verifyJobSearchResultUsingDifferentDataSet" time="16.349" classname="uk.co.library.testsuite.JobSearchTest" />
                <testcase name="verifyJobSearchResultUsingDifferentDataSet" time="14.047" classname="uk.co.library.testsuite.JobSearchTest" />
                <testcase name="verifyJobSearchResultUsingDifferentDataSet" time="14.259" classname="uk.co.library.testsuite.JobSearchTest" />
      
</testsuite>
